<?xml version="1.0" encoding="UTF-8"?>
<testng-results skipped="0" failed="2" total="8" passed="6">
  <reporter-output>
  </reporter-output>
  <suite name="Suite" duration-ms="1337724" started-at="2016-11-10T10:04:37Z" finished-at="2016-11-10T10:26:55Z">
    <groups>
    </groups>
    <test name="Test" duration-ms="1337724" started-at="2016-11-10T10:04:37Z" finished-at="2016-11-10T10:26:55Z">
      <class name="testScript.NewTest">
        <test-method status="PASS" signature="setUp()[pri:0, instance:testScript.NewTest@1888ff2c]" name="setUp" is-config="true" duration-ms="73038" started-at="2016-11-10T15:34:37Z" finished-at="2016-11-10T15:35:50Z">
          <reporter-output>
          </reporter-output>
        </test-method> <!-- setUp -->
        <test-method status="PASS" signature="courseManager()[pri:0, instance:testScript.NewTest@1888ff2c]" name="courseManager" duration-ms="6358" started-at="2016-11-10T15:35:50Z" finished-at="2016-11-10T15:35:56Z">
          <reporter-output>
          </reporter-output>
        </test-method> <!-- courseManager -->
        <test-method status="PASS" signature="tearDown()[pri:0, instance:testScript.NewTest@1888ff2c]" name="tearDown" is-config="true" duration-ms="3135" started-at="2016-11-10T15:35:56Z" finished-at="2016-11-10T15:36:00Z">
          <reporter-output>
          </reporter-output>
        </test-method> <!-- tearDown -->
        <test-method status="PASS" signature="setUp()[pri:0, instance:testScript.NewTest@1888ff2c]" name="setUp" is-config="true" duration-ms="142755" started-at="2016-11-10T15:36:00Z" finished-at="2016-11-10T15:38:22Z">
          <reporter-output>
          </reporter-output>
        </test-method> <!-- setUp -->
        <test-method status="FAIL" signature="gSticky()[pri:0, instance:testScript.NewTest@1888ff2c]" name="gSticky" duration-ms="248417" started-at="2016-11-10T15:38:22Z" finished-at="2016-11-10T15:42:31Z">
          <exception class="org.openqa.selenium.ElementNotVisibleException">
            <message>
              <![CDATA[Element is not currently visible and so may not be interacted with
Command duration or timeout: 60.03 seconds
Build info: version: '2.53.0', revision: '35ae25b', time: '2016-03-15 16:57:40'
System info: host: '8RGPVQ1', ip: '10.11.17.209', os.name: 'Windows 7', os.arch: 'amd64', os.version: '6.1', java.version: '1.8.0_101'
Driver info: org.openqa.selenium.firefox.FirefoxDriver
Capabilities [{applicationCacheEnabled=true, rotatable=false, handlesAlerts=true, databaseEnabled=true, version=43.0.1, platform=WINDOWS, nativeEvents=false, acceptSslCerts=true, webStorageEnabled=true, locationContextEnabled=true, browserName=firefox, takesScreenshot=true, javascriptEnabled=true, cssSelectorsEnabled=true}]
Session ID: 131c3ce0-8edc-4bb3-a27d-32ba59d31a18]]>
            </message>
            <full-stacktrace>
              <![CDATA[org.openqa.selenium.ElementNotVisibleException: Element is not currently visible and so may not be interacted with
Command duration or timeout: 60.03 seconds
Build info: version: '2.53.0', revision: '35ae25b', time: '2016-03-15 16:57:40'
System info: host: '8RGPVQ1', ip: '10.11.17.209', os.name: 'Windows 7', os.arch: 'amd64', os.version: '6.1', java.version: '1.8.0_101'
Driver info: org.openqa.selenium.firefox.FirefoxDriver
Capabilities [{applicationCacheEnabled=true, rotatable=false, handlesAlerts=true, databaseEnabled=true, version=43.0.1, platform=WINDOWS, nativeEvents=false, acceptSslCerts=true, webStorageEnabled=true, locationContextEnabled=true, browserName=firefox, takesScreenshot=true, javascriptEnabled=true, cssSelectorsEnabled=true}]
Session ID: 131c3ce0-8edc-4bb3-a27d-32ba59d31a18
	at sun.reflect.NativeConstructorAccessorImpl.newInstance0(Native Method)
	at sun.reflect.NativeConstructorAccessorImpl.newInstance(Unknown Source)
	at sun.reflect.DelegatingConstructorAccessorImpl.newInstance(Unknown Source)
	at java.lang.reflect.Constructor.newInstance(Unknown Source)
	at org.openqa.selenium.remote.ErrorHandler.createThrowable(ErrorHandler.java:206)
	at org.openqa.selenium.remote.ErrorHandler.throwIfResponseFailed(ErrorHandler.java:158)
	at org.openqa.selenium.remote.RemoteWebDriver.execute(RemoteWebDriver.java:678)
	at org.openqa.selenium.remote.RemoteWebElement.execute(RemoteWebElement.java:327)
	at org.openqa.selenium.remote.RemoteWebElement.click(RemoteWebElement.java:85)
	at baseDemo.GlobalSticky.addGlobalSticky(GlobalSticky.java:49)
	at testScript.NewTest.gSticky(NewTest.java:70)
	at sun.reflect.NativeMethodAccessorImpl.invoke0(Native Method)
	at sun.reflect.NativeMethodAccessorImpl.invoke(Unknown Source)
	at sun.reflect.DelegatingMethodAccessorImpl.invoke(Unknown Source)
	at java.lang.reflect.Method.invoke(Unknown Source)
	at org.testng.internal.MethodInvocationHelper.invokeMethod(MethodInvocationHelper.java:85)
	at org.testng.internal.Invoker.invokeMethod(Invoker.java:639)
	at org.testng.internal.Invoker.invokeTestMethod(Invoker.java:816)
	at org.testng.internal.Invoker.invokeTestMethods(Invoker.java:1124)
	at org.testng.internal.TestMethodWorker.invokeTestMethods(TestMethodWorker.java:125)
	at org.testng.internal.TestMethodWorker.run(TestMethodWorker.java:108)
	at org.testng.TestRunner.privateRun(TestRunner.java:774)
	at org.testng.TestRunner.run(TestRunner.java:624)
	at org.testng.SuiteRunner.runTest(SuiteRunner.java:359)
	at org.testng.SuiteRunner.runSequentially(SuiteRunner.java:354)
	at org.testng.SuiteRunner.privateRun(SuiteRunner.java:312)
	at org.testng.SuiteRunner.run(SuiteRunner.java:261)
	at org.testng.SuiteRunnerWorker.runSuite(SuiteRunnerWorker.java:52)
	at org.testng.SuiteRunnerWorker.run(SuiteRunnerWorker.java:86)
	at org.testng.TestNG.runSuitesSequentially(TestNG.java:1215)
	at org.testng.TestNG.runSuitesLocally(TestNG.java:1140)
	at org.testng.TestNG.run(TestNG.java:1048)
	at org.testng.remote.RemoteTestNG.run(RemoteTestNG.java:112)
	at org.testng.remote.RemoteTestNG.initAndRun(RemoteTestNG.java:205)
	at org.testng.remote.RemoteTestNG.main(RemoteTestNG.java:176)
Caused by: org.openqa.selenium.ElementNotVisibleException: Element is not currently visible and so may not be interacted with
Build info: version: '2.53.0', revision: '35ae25b', time: '2016-03-15 16:57:40'
System info: host: '8RGPVQ1', ip: '10.11.17.209', os.name: 'Windows 7', os.arch: 'amd64', os.version: '6.1', java.version: '1.8.0_101'
Driver info: driver.version: unknown
	at <anonymous class>.fxdriver.preconditions.visible(file:///C:/Users/VIKASH~1.MAG/AppData/Local/Temp/anonymous3165305578151628634webdriver-profile/extensions/fxdriver@googlecode.com/components/command-processor.js:10092)
	at <anonymous class>.DelayedCommand.prototype.checkPreconditions_(file:///C:/Users/VIKASH~1.MAG/AppData/Local/Temp/anonymous3165305578151628634webdriver-profile/extensions/fxdriver@googlecode.com/components/command-processor.js:12644)
	at <anonymous class>.DelayedCommand.prototype.executeInternal_/h(file:///C:/Users/VIKASH~1.MAG/AppData/Local/Temp/anonymous3165305578151628634webdriver-profile/extensions/fxdriver@googlecode.com/components/command-processor.js:12661)
	at <anonymous class>.fxdriver.Timer.prototype.setTimeout/<.notify(file:///C:/Users/VIKASH~1.MAG/AppData/Local/Temp/anonymous3165305578151628634webdriver-profile/extensions/fxdriver@googlecode.com/components/command-processor.js:625)
]]>
            </full-stacktrace>
          </exception> <!-- org.openqa.selenium.ElementNotVisibleException -->
          <reporter-output>
          </reporter-output>
        </test-method> <!-- gSticky -->
        <test-method status="PASS" signature="tearDown()[pri:0, instance:testScript.NewTest@1888ff2c]" name="tearDown" is-config="true" duration-ms="561" started-at="2016-11-10T15:42:31Z" finished-at="2016-11-10T15:42:31Z">
          <reporter-output>
          </reporter-output>
        </test-method> <!-- tearDown -->
        <test-method status="PASS" signature="setUp()[pri:0, instance:testScript.NewTest@1888ff2c]" name="setUp" is-config="true" duration-ms="41497" started-at="2016-11-10T15:42:31Z" finished-at="2016-11-10T15:43:13Z">
          <reporter-output>
          </reporter-output>
        </test-method> <!-- setUp -->
        <test-method status="FAIL" signature="bookMark()[pri:1, instance:testScript.NewTest@1888ff2c]" name="bookMark" duration-ms="137109" started-at="2016-11-10T15:43:13Z" finished-at="2016-11-10T15:45:30Z">
          <exception class="org.openqa.selenium.StaleElementReferenceException">
            <message>
              <![CDATA[Element not found in the cache - perhaps the page has changed since it was looked up
Command duration or timeout: 67.55 seconds
For documentation on this error, please visit: http://seleniumhq.org/exceptions/stale_element_reference.html
Build info: version: '2.53.0', revision: '35ae25b', time: '2016-03-15 16:57:40'
System info: host: '8RGPVQ1', ip: '10.11.17.209', os.name: 'Windows 7', os.arch: 'amd64', os.version: '6.1', java.version: '1.8.0_101'
Driver info: org.openqa.selenium.firefox.FirefoxDriver
Capabilities [{applicationCacheEnabled=true, rotatable=false, handlesAlerts=true, databaseEnabled=true, version=43.0.1, platform=WINDOWS, nativeEvents=false, acceptSslCerts=true, webStorageEnabled=true, locationContextEnabled=true, browserName=firefox, takesScreenshot=true, javascriptEnabled=true, cssSelectorsEnabled=true}]
Session ID: 36119dd9-724a-48a5-ae8f-bfed9d38f3bd]]>
            </message>
            <full-stacktrace>
              <![CDATA[org.openqa.selenium.StaleElementReferenceException: Element not found in the cache - perhaps the page has changed since it was looked up
Command duration or timeout: 67.55 seconds
For documentation on this error, please visit: http://seleniumhq.org/exceptions/stale_element_reference.html
Build info: version: '2.53.0', revision: '35ae25b', time: '2016-03-15 16:57:40'
System info: host: '8RGPVQ1', ip: '10.11.17.209', os.name: 'Windows 7', os.arch: 'amd64', os.version: '6.1', java.version: '1.8.0_101'
Driver info: org.openqa.selenium.firefox.FirefoxDriver
Capabilities [{applicationCacheEnabled=true, rotatable=false, handlesAlerts=true, databaseEnabled=true, version=43.0.1, platform=WINDOWS, nativeEvents=false, acceptSslCerts=true, webStorageEnabled=true, locationContextEnabled=true, browserName=firefox, takesScreenshot=true, javascriptEnabled=true, cssSelectorsEnabled=true}]
Session ID: 36119dd9-724a-48a5-ae8f-bfed9d38f3bd
	at sun.reflect.NativeConstructorAccessorImpl.newInstance0(Native Method)
	at sun.reflect.NativeConstructorAccessorImpl.newInstance(Unknown Source)
	at sun.reflect.DelegatingConstructorAccessorImpl.newInstance(Unknown Source)
	at java.lang.reflect.Constructor.newInstance(Unknown Source)
	at org.openqa.selenium.remote.ErrorHandler.createThrowable(ErrorHandler.java:206)
	at org.openqa.selenium.remote.ErrorHandler.throwIfResponseFailed(ErrorHandler.java:158)
	at org.openqa.selenium.remote.RemoteWebDriver.execute(RemoteWebDriver.java:678)
	at org.openqa.selenium.remote.RemoteWebElement.execute(RemoteWebElement.java:327)
	at org.openqa.selenium.remote.RemoteWebElement.click(RemoteWebElement.java:85)
	at baseDemo.Bookmark.bookmark(Bookmark.java:26)
	at testScript.NewTest.bookMark(NewTest.java:85)
	at sun.reflect.NativeMethodAccessorImpl.invoke0(Native Method)
	at sun.reflect.NativeMethodAccessorImpl.invoke(Unknown Source)
	at sun.reflect.DelegatingMethodAccessorImpl.invoke(Unknown Source)
	at java.lang.reflect.Method.invoke(Unknown Source)
	at org.testng.internal.MethodInvocationHelper.invokeMethod(MethodInvocationHelper.java:85)
	at org.testng.internal.Invoker.invokeMethod(Invoker.java:639)
	at org.testng.internal.Invoker.invokeTestMethod(Invoker.java:816)
	at org.testng.internal.Invoker.invokeTestMethods(Invoker.java:1124)
	at org.testng.internal.TestMethodWorker.invokeTestMethods(TestMethodWorker.java:125)
	at org.testng.internal.TestMethodWorker.run(TestMethodWorker.java:108)
	at org.testng.TestRunner.privateRun(TestRunner.java:774)
	at org.testng.TestRunner.run(TestRunner.java:624)
	at org.testng.SuiteRunner.runTest(SuiteRunner.java:359)
	at org.testng.SuiteRunner.runSequentially(SuiteRunner.java:354)
	at org.testng.SuiteRunner.privateRun(SuiteRunner.java:312)
	at org.testng.SuiteRunner.run(SuiteRunner.java:261)
	at org.testng.SuiteRunnerWorker.runSuite(SuiteRunnerWorker.java:52)
	at org.testng.SuiteRunnerWorker.run(SuiteRunnerWorker.java:86)
	at org.testng.TestNG.runSuitesSequentially(TestNG.java:1215)
	at org.testng.TestNG.runSuitesLocally(TestNG.java:1140)
	at org.testng.TestNG.run(TestNG.java:1048)
	at org.testng.remote.RemoteTestNG.run(RemoteTestNG.java:112)
	at org.testng.remote.RemoteTestNG.initAndRun(RemoteTestNG.java:205)
	at org.testng.remote.RemoteTestNG.main(RemoteTestNG.java:176)
Caused by: org.openqa.selenium.StaleElementReferenceException: Element not found in the cache - perhaps the page has changed since it was looked up
For documentation on this error, please visit: http://seleniumhq.org/exceptions/stale_element_reference.html
Build info: version: '2.53.0', revision: '35ae25b', time: '2016-03-15 16:57:40'
System info: host: '8RGPVQ1', ip: '10.11.17.209', os.name: 'Windows 7', os.arch: 'amd64', os.version: '6.1', java.version: '1.8.0_101'
Driver info: driver.version: unknown
	at <anonymous class>.fxdriver.cache.getElementAt(resource://fxdriver/modules/web-element-cache.js:9454)
	at <anonymous class>.Utils.getElementAt(file:///C:/Users/VIKASH~1.MAG/AppData/Local/Temp/anonymous7019647561042545327webdriver-profile/extensions/fxdriver@googlecode.com/components/command-processor.js:9039)
	at <anonymous class>.fxdriver.preconditions.visible(file:///C:/Users/VIKASH~1.MAG/AppData/Local/Temp/anonymous7019647561042545327webdriver-profile/extensions/fxdriver@googlecode.com/components/command-processor.js:10090)
	at <anonymous class>.DelayedCommand.prototype.checkPreconditions_(file:///C:/Users/VIKASH~1.MAG/AppData/Local/Temp/anonymous7019647561042545327webdriver-profile/extensions/fxdriver@googlecode.com/components/command-processor.js:12644)
	at <anonymous class>.DelayedCommand.prototype.executeInternal_/h(file:///C:/Users/VIKASH~1.MAG/AppData/Local/Temp/anonymous7019647561042545327webdriver-profile/extensions/fxdriver@googlecode.com/components/command-processor.js:12661)
	at <anonymous class>.fxdriver.Timer.prototype.setTimeout/<.notify(file:///C:/Users/VIKASH~1.MAG/AppData/Local/Temp/anonymous7019647561042545327webdriver-profile/extensions/fxdriver@googlecode.com/components/command-processor.js:625)
]]>
            </full-stacktrace>
          </exception> <!-- org.openqa.selenium.StaleElementReferenceException -->
          <reporter-output>
          </reporter-output>
        </test-method> <!-- bookMark -->
        <test-method status="PASS" signature="tearDown()[pri:0, instance:testScript.NewTest@1888ff2c]" name="tearDown" is-config="true" duration-ms="532" started-at="2016-11-10T15:45:30Z" finished-at="2016-11-10T15:45:31Z">
          <reporter-output>
          </reporter-output>
        </test-method> <!-- tearDown -->
        <test-method status="PASS" signature="setUp()[pri:0, instance:testScript.NewTest@1888ff2c]" name="setUp" is-config="true" duration-ms="37480" started-at="2016-11-10T15:45:31Z" finished-at="2016-11-10T15:46:08Z">
          <reporter-output>
          </reporter-output>
        </test-method> <!-- setUp -->
        <test-method status="PASS" signature="scrollpage()[pri:2, instance:testScript.NewTest@1888ff2c]" name="scrollpage" duration-ms="78096" started-at="2016-11-10T15:46:08Z" finished-at="2016-11-10T15:47:26Z">
          <reporter-output>
          </reporter-output>
        </test-method> <!-- scrollpage -->
        <test-method status="PASS" signature="tearDown()[pri:0, instance:testScript.NewTest@1888ff2c]" name="tearDown" is-config="true" duration-ms="611" started-at="2016-11-10T15:47:26Z" finished-at="2016-11-10T15:47:27Z">
          <reporter-output>
          </reporter-output>
        </test-method> <!-- tearDown -->
        <test-method status="PASS" signature="setUp()[pri:0, instance:testScript.NewTest@1888ff2c]" name="setUp" is-config="true" duration-ms="35392" started-at="2016-11-10T15:47:27Z" finished-at="2016-11-10T15:48:02Z">
          <reporter-output>
          </reporter-output>
        </test-method> <!-- setUp -->
        <test-method status="PASS" signature="tableOfContent()[pri:3, instance:testScript.NewTest@1888ff2c]" name="tableOfContent" duration-ms="81056" started-at="2016-11-10T15:48:02Z" finished-at="2016-11-10T15:49:23Z">
          <reporter-output>
          </reporter-output>
        </test-method> <!-- tableOfContent -->
        <test-method status="PASS" signature="tearDown()[pri:0, instance:testScript.NewTest@1888ff2c]" name="tearDown" is-config="true" duration-ms="776" started-at="2016-11-10T15:49:23Z" finished-at="2016-11-10T15:49:24Z">
          <reporter-output>
          </reporter-output>
        </test-method> <!-- tearDown -->
        <test-method status="PASS" signature="setUp()[pri:0, instance:testScript.NewTest@1888ff2c]" name="setUp" is-config="true" duration-ms="38433" started-at="2016-11-10T15:49:24Z" finished-at="2016-11-10T15:50:02Z">
          <reporter-output>
          </reporter-output>
        </test-method> <!-- setUp -->
        <test-method status="PASS" signature="zoom()[pri:4, instance:testScript.NewTest@1888ff2c]" name="zoom" duration-ms="79456" started-at="2016-11-10T15:50:02Z" finished-at="2016-11-10T15:51:22Z">
          <reporter-output>
          </reporter-output>
        </test-method> <!-- zoom -->
        <test-method status="PASS" signature="tearDown()[pri:0, instance:testScript.NewTest@1888ff2c]" name="tearDown" is-config="true" duration-ms="650" started-at="2016-11-10T15:51:22Z" finished-at="2016-11-10T15:51:22Z">
          <reporter-output>
          </reporter-output>
        </test-method> <!-- tearDown -->
        <test-method status="PASS" signature="setUp()[pri:0, instance:testScript.NewTest@1888ff2c]" name="setUp" is-config="true" duration-ms="99173" started-at="2016-11-10T15:51:22Z" finished-at="2016-11-10T15:53:02Z">
          <reporter-output>
          </reporter-output>
        </test-method> <!-- setUp -->
        <test-method status="PASS" signature="flashcard_Book()[pri:5, instance:testScript.NewTest@1888ff2c]" name="flashcard_Book" duration-ms="133800" started-at="2016-11-10T15:53:02Z" finished-at="2016-11-10T15:55:15Z">
          <reporter-output>
          </reporter-output>
        </test-method> <!-- flashcard_Book -->
        <test-method status="PASS" signature="tearDown()[pri:0, instance:testScript.NewTest@1888ff2c]" name="tearDown" is-config="true" duration-ms="603" started-at="2016-11-10T15:55:15Z" finished-at="2016-11-10T15:55:16Z">
          <reporter-output>
          </reporter-output>
        </test-method> <!-- tearDown -->
        <test-method status="PASS" signature="setUp()[pri:0, instance:testScript.NewTest@1888ff2c]" name="setUp" is-config="true" duration-ms="40322" started-at="2016-11-10T15:55:16Z" finished-at="2016-11-10T15:55:56Z">
          <reporter-output>
          </reporter-output>
        </test-method> <!-- setUp -->
        <test-method status="PASS" signature="addCollection()[pri:6, instance:testScript.NewTest@1888ff2c]" name="addCollection" duration-ms="57679" started-at="2016-11-10T15:55:56Z" finished-at="2016-11-10T15:56:54Z">
          <reporter-output>
          </reporter-output>
        </test-method> <!-- addCollection -->
        <test-method status="PASS" signature="tearDown()[pri:0, instance:testScript.NewTest@1888ff2c]" name="tearDown" is-config="true" duration-ms="689" started-at="2016-11-10T15:56:54Z" finished-at="2016-11-10T15:56:55Z">
          <reporter-output>
          </reporter-output>
        </test-method> <!-- tearDown -->
      </class> <!-- testScript.NewTest -->
    </test> <!-- Test -->
  </suite> <!-- Suite -->
</testng-results>
